Sun Jan 26 16:53:35 CST 2014  [debug] AvalonLogSystem initialized using logfile 'F:\programming_practise\java\.metadata\.plugins\com.genuitec.eclipse.templates\velocity.log'
Sun Jan 26 16:53:35 CST 2014   [info] ************************************************************** 
Sun Jan 26 16:53:35 CST 2014   [info] Starting Jakarta Velocity v1.4
Sun Jan 26 16:53:35 CST 2014   [info] RuntimeInstance initializing.
Sun Jan 26 16:53:35 CST 2014   [info] Default Properties File: org\apache\velocity\runtime\defaults\velocity.properties
Sun Jan 26 16:53:35 CST 2014   [info] Trying to use logger class org.apache.velocity.runtime.log.AvalonLogSystem
Sun Jan 26 16:53:35 CST 2014   [info] Using logger class org.apache.velocity.runtime.log.AvalonLogSystem
Sun Jan 26 16:53:35 CST 2014   [info] Default ResourceManager initializing. (class org.apache.velocity.runtime.resource.ResourceManagerImpl)
Sun Jan 26 16:53:35 CST 2014   [info] Resource Loader Instantiated: com.genuitec.eclipse.templates.internal.PluginResourceLoader
Sun Jan 26 16:53:35 CST 2014   [info] ResourceCache : initialized. (class org.apache.velocity.runtime.resource.ResourceCacheImpl)
Sun Jan 26 16:53:35 CST 2014   [info] Default ResourceManager initialization complete.
Sun Jan 26 16:53:35 CST 2014   [info] Loaded System Directive: org.apache.velocity.runtime.directive.Literal
Sun Jan 26 16:53:35 CST 2014   [info] Loaded System Directive: org.apache.velocity.runtime.directive.Macro
Sun Jan 26 16:53:35 CST 2014   [info] Loaded System Directive: org.apache.velocity.runtime.directive.Parse
Sun Jan 26 16:53:35 CST 2014   [info] Loaded System Directive: org.apache.velocity.runtime.directive.Include
Sun Jan 26 16:53:35 CST 2014   [info] Loaded System Directive: org.apache.velocity.runtime.directive.Foreach
Sun Jan 26 16:53:35 CST 2014   [info] Created: 20 parsers.
Sun Jan 26 16:53:35 CST 2014   [info] Velocimacro : initialization starting.
Sun Jan 26 16:53:35 CST 2014   [info] Velocimacro : adding VMs from VM library template : VM_global_library.vm
Sun Jan 26 16:53:35 CST 2014   [info] ResourceManager : found VM_global_library.vm with loader com.genuitec.eclipse.templates.internal.PluginResourceLoader
Sun Jan 26 16:53:35 CST 2014   [info] Velocimacro :  VM library template macro registration complete.
Sun Jan 26 16:53:35 CST 2014   [info] Velocimacro : allowInline = true : VMs can be defined inline in templates
Sun Jan 26 16:53:35 CST 2014   [info] Velocimacro : allowInlineToOverride = true : VMs defined inline may replace previous VM definitions
Sun Jan 26 16:53:35 CST 2014   [info] Velocimacro : allowInlineLocal = true : VMs defined inline will be local to their defining template only.
Sun Jan 26 16:53:35 CST 2014   [info] Velocimacro : messages on  : VM system will output logging messages
Sun Jan 26 16:53:35 CST 2014   [info] Velocimacro : autoload off  : VM system will not automatically reload global library macros
Sun Jan 26 16:53:35 CST 2014   [info] Velocimacro : initialization complete.
Sun Jan 26 16:53:35 CST 2014   [info] Velocity successfully started.
Sun Jan 26 16:53:35 CST 2014   [info] ResourceManager : found templates/web.xml.vm with loader com.genuitec.eclipse.templates.internal.PluginResourceLoader
Sun Jan 26 16:53:36 CST 2014   [info] ResourceManager : found /templates/velocity/welcome/Jsp.vtl with loader com.genuitec.eclipse.templates.internal.PluginResourceLoader
Sun Jan 26 16:57:08 CST 2014   [info] ResourceManager : found templates/web.xml.vm with loader com.genuitec.eclipse.templates.internal.PluginResourceLoader
Sun Jan 26 16:57:08 CST 2014   [info] ResourceManager : found /templates/velocity/welcome/Jsp.vtl with loader com.genuitec.eclipse.templates.internal.PluginResourceLoader
Sun Jan 26 16:58:03 CST 2014   [info] ResourceManager : found templates/web.xml.vm with loader com.genuitec.eclipse.templates.internal.PluginResourceLoader
Sun Jan 26 16:58:03 CST 2014   [info] ResourceManager : found /templates/velocity/welcome/Jsp.vtl with loader com.genuitec.eclipse.templates.internal.PluginResourceLoader
