This file contains any messages produced by compilers while
running configure, to aid debugging if configure makes a mistake.

It was created by test configure 1.0, which was
generated by GNU Autoconf 2.59.  Invocation command line was

  $ ./configure 

## --------- ##
## Platform. ##
## --------- ##

hostname = huawei
uname -m = i686
uname -r = 2.6.12
uname -s = Linux
uname -v = #5 Sun Jul 10 17:45:44 CST 2005

/usr/bin/uname -p = unknown
/bin/uname -X     = unknown

/bin/arch              = i686
/usr/bin/arch -k       = unknown
/usr/convex/getsysinfo = unknown
hostinfo               = unknown
/bin/machine           = unknown
/usr/bin/oslevel       = unknown
/bin/universe          = unknown

PATH: /usr/local/sbin
PATH: /usr/local/bin
PATH: /usr/sbin
PATH: /usr/bin
PATH: /sbin
PATH: /bin
PATH: /usr/bin/X11


## ----------- ##
## Core tests. ##
## ----------- ##

configure:1313: checking for a BSD-compatible install
configure:1368: result: /usr/bin/install -c
configure:1379: checking whether build environment is sane
configure:1422: result: yes
configure:1487: checking for gawk
configure:1503: found /usr/bin/gawk
configure:1513: result: gawk
configure:1523: checking whether make sets $(MAKE)
configure:1543: result: yes
configure:1760: checking for gcc
configure:1776: found /usr/bin/gcc
configure:1786: result: gcc
configure:2030: checking for C compiler version
configure:2033: gcc --version </dev/null >&5
gcc (GCC) 3.3.5 (Debian 1:3.3.5-13)
Copyright (C) 2003 Free Software Foundation, Inc.
This is free software; see the source for copying conditions.  There is NO
warranty; not even for MERCHANTABILITY or FITNESS FOR A PARTICULAR PURPOSE.

configure:2036: $? = 0
configure:2038: gcc -v </dev/null >&5
Reading specs from /usr/lib/gcc-lib/i486-linux/3.3.5/specs
Configured with: ../src/configure -v --enable-languages=c,c++,java,f77,pascal,objc,ada,treelang --prefix=/usr --mandir=/usr/share/man --infodir=/usr/share/info --with-gxx-include-dir=/usr/include/c++/3.3 --enable-shared --enable-__cxa_atexit --with-system-zlib --enable-nls --without-included-gettext --enable-clocale=gnu --enable-debug --enable-java-gc=boehm --enable-java-awt=xlib --enable-objc-gc i486-linux
Thread model: posix
gcc version 3.3.5 (Debian 1:3.3.5-13)
configure:2041: $? = 0
configure:2043: gcc -V </dev/null >&5
gcc: `-V' option must have argument
configure:2046: $? = 1
configure:2069: checking for C compiler default output file name
configure:2072: gcc    conftest.c  >&5
configure:2075: $? = 0
configure:2121: result: a.out
configure:2126: checking whether the C compiler works
configure:2132: ./a.out
configure:2135: $? = 0
configure:2152: result: yes
configure:2159: checking whether we are cross compiling
configure:2161: result: no
configure:2164: checking for suffix of executables
configure:2166: gcc -o conftest    conftest.c  >&5
configure:2169: $? = 0
configure:2194: result: 
configure:2200: checking for suffix of object files
configure:2221: gcc -c   conftest.c >&5
configure:2224: $? = 0
configure:2246: result: o
configure:2250: checking whether we are using the GNU C compiler
configure:2274: gcc -c   conftest.c >&5
configure:2280: $? = 0
configure:2283: test -z 			 || test ! -s conftest.err
configure:2286: $? = 0
configure:2289: test -s conftest.o
configure:2292: $? = 0
configure:2305: result: yes
configure:2311: checking whether gcc accepts -g
configure:2332: gcc -c -g  conftest.c >&5
configure:2338: $? = 0
configure:2341: test -z 			 || test ! -s conftest.err
configure:2344: $? = 0
configure:2347: test -s conftest.o
configure:2350: $? = 0
configure:2361: result: yes
configure:2378: checking for gcc option to accept ANSI C
configure:2448: gcc  -c -g -O2  conftest.c >&5
configure:2454: $? = 0
configure:2457: test -z 			 || test ! -s conftest.err
configure:2460: $? = 0
configure:2463: test -s conftest.o
configure:2466: $? = 0
configure:2484: result: none needed
configure:2502: gcc -c -g -O2  conftest.c >&5
conftest.c:2: error: syntax error before "me"
configure:2508: $? = 1
configure: failed program was:
| #ifndef __cplusplus
|   choke me
| #endif
configure:2649: checking for style of include used by make
configure:2677: result: GNU
configure:2705: checking dependency style of gcc
configure:2795: result: gcc3
configure:2817: checking for pthread_rwlock_init in -lpthread
configure:2847: gcc -o conftest -g -O2   conftest.c -lpthread   >&5
configure:2853: $? = 0
configure:2856: test -z 			 || test ! -s conftest.err
configure:2859: $? = 0
configure:2862: test -s conftest
configure:2865: $? = 0
configure:2878: result: yes
configure:2930: checking for ranlib
configure:2946: found /usr/bin/ranlib
configure:2957: result: ranlib
configure:3086: creating ./config.status

## ---------------------- ##
## Running config.status. ##
## ---------------------- ##

This file was extended by test config.status 1.0, which was
generated by GNU Autoconf 2.59.  Invocation command line was

  CONFIG_FILES    = 
  CONFIG_HEADERS  = 
  CONFIG_LINKS    = 
  CONFIG_COMMANDS = 
  $ ./config.status 

on huawei

config.status:731: creating Makefile
config.status:731: creating src/lib/Makefile
config.status:731: creating src/ModuleA/apple/core/Makefile
config.status:731: creating src/ModuleA/apple/shell/Makefile
config.status:797: creating config.h
config.status:885: config.h is unchanged
config.status:1065: executing depfiles commands

## ---------------- ##
## Cache variables. ##
## ---------------- ##

ac_cv_c_compiler_gnu=yes
ac_cv_env_CC_set=
ac_cv_env_CC_value=
ac_cv_env_CFLAGS_set=
ac_cv_env_CFLAGS_value=
ac_cv_env_CPPFLAGS_set=
ac_cv_env_CPPFLAGS_value=
ac_cv_env_LDFLAGS_set=
ac_cv_env_LDFLAGS_value=
ac_cv_env_build_alias_set=
ac_cv_env_build_alias_value=
ac_cv_env_host_alias_set=
ac_cv_env_host_alias_value=
ac_cv_env_target_alias_set=
ac_cv_env_target_alias_value=
ac_cv_exeext=
ac_cv_lib_pthread_pthread_rwlock_init=yes
ac_cv_objext=o
ac_cv_path_install='/usr/bin/install -c'
ac_cv_prog_AWK=gawk
ac_cv_prog_ac_ct_CC=gcc
ac_cv_prog_ac_ct_RANLIB=ranlib
ac_cv_prog_cc_g=yes
ac_cv_prog_cc_stdc=
ac_cv_prog_make_make_set=yes
am_cv_CC_dependencies_compiler_type=gcc3

## ----------------- ##
## Output variables. ##
## ----------------- ##

ACLOCAL='${SHELL} /opt/programtest/projectA/missing --run aclocal-1.9'
AMDEPBACKSLASH='\'
AMDEP_FALSE='#'
AMDEP_TRUE=''
AMTAR='${SHELL} /opt/programtest/projectA/missing --run tar'
AUTOCONF='${SHELL} /opt/programtest/projectA/missing --run autoconf'
AUTOHEADER='${SHELL} /opt/programtest/projectA/missing --run autoheader'
AUTOMAKE='${SHELL} /opt/programtest/projectA/missing --run automake-1.9'
AWK='gawk'
CC='gcc'
CCDEPMODE='depmode=gcc3'
CFLAGS='-g -O2'
CPPFLAGS=''
CYGPATH_W='echo'
DEFS='-DHAVE_CONFIG_H'
DEPDIR='.deps'
ECHO_C=''
ECHO_N='-n'
ECHO_T=''
EXEEXT=''
INSTALL_DATA='${INSTALL} -m 644'
INSTALL_PROGRAM='${INSTALL}'
INSTALL_SCRIPT='${INSTALL}'
INSTALL_STRIP_PROGRAM='${SHELL} $(install_sh) -c -s'
LDFLAGS=''
LIBOBJS=''
LIBS='-lpthread '
LTLIBOBJS=''
MAKEINFO='${SHELL} /opt/programtest/projectA/missing --run makeinfo'
OBJEXT='o'
PACKAGE='test'
PACKAGE_BUGREPORT='normalnotebook@126.com'
PACKAGE_NAME='test'
PACKAGE_STRING='test 1.0'
PACKAGE_TARNAME='test'
PACKAGE_VERSION='1.0'
PATH_SEPARATOR=':'
RANLIB='ranlib'
SET_MAKE=''
SHELL='/bin/sh'
STRIP=''
VERSION='1.0'
ac_ct_CC='gcc'
ac_ct_RANLIB='ranlib'
ac_ct_STRIP=''
am__fastdepCC_FALSE='#'
am__fastdepCC_TRUE=''
am__include='include'
am__leading_dot='.'
am__quote=''
am__tar='${AMTAR} chof - "$$tardir"'
am__untar='${AMTAR} xf -'
bindir='${exec_prefix}/bin'
build_alias=''
datadir='${prefix}/share'
exec_prefix='${prefix}'
host_alias=''
includedir='${prefix}/include'
infodir='${prefix}/info'
install_sh='/opt/programtest/projectA/install-sh'
libdir='${exec_prefix}/lib'
libexecdir='${exec_prefix}/libexec'
localstatedir='${prefix}/var'
mandir='${prefix}/man'
mkdir_p='mkdir -p --'
oldincludedir='/usr/include'
prefix='/usr/local'
program_transform_name='s,x,x,'
sbindir='${exec_prefix}/sbin'
sharedstatedir='${prefix}/com'
sysconfdir='${prefix}/etc'
target_alias=''

## ----------- ##
## confdefs.h. ##
## ----------- ##

#define HAVE_LIBPTHREAD 1
#define PACKAGE "test"
#define PACKAGE_BUGREPORT "normalnotebook@126.com"
#define PACKAGE_NAME "test"
#define PACKAGE_STRING "test 1.0"
#define PACKAGE_TARNAME "test"
#define PACKAGE_VERSION "1.0"
#define VERSION "1.0"

configure: exit 0

## ---------------------- ##
## Running config.status. ##
## ---------------------- ##

This file was extended by test config.status 1.0, which was
generated by GNU Autoconf 2.59.  Invocation command line was

  CONFIG_FILES    = 
  CONFIG_HEADERS  = 
  CONFIG_LINKS    = 
  CONFIG_COMMANDS = 
  $ ./config.status config.h

on huawei

config.status:797: creating config.h
config.status:885: config.h is unchanged
